<?xml version="1.0" encoding="UTF-8"?>
<!-- Generated by org.testng.reporters.JUnitReportReporter -->
<testsuite skipped="1" hostname="D-113065387" name="com.wipro.opencartTestCase.TC3" tests="1" failures="0" timestamp="19 Feb 2018 09:06:04 GMT" time="0.000" errors="0">
  <testcase name="logincred" time="0.000" classname="com.wipro.opencartTestCase.TC3">
    <skipped/>
  </testcase> <!-- logincred -->
</testsuite> <!-- com.wipro.opencartTestCase.TC3 -->
